This file contains any messages produced by compilers while
running configure, to aid debugging if configure makes a mistake.

It was created by meme configure 4.10.2, which was
generated by GNU Autoconf 2.69.  Invocation command line was

  $ ./configure --prefix=/Users/rzr142/Desktop/meme_4.10.2/ --with-url=http://meme-suite.org

## --------- ##
## Platform. ##
## --------- ##

hostname = bmb-pugh-22.bmb.psu.edu
uname -m = x86_64
uname -r = 14.4.0
uname -s = Darwin
uname -v = Darwin Kernel Version 14.4.0: Thu May 28 11:35:04 PDT 2015; root:xnu-2782.30.5~1/RELEASE_X86_64

/usr/bin/uname -p = i386
/bin/uname -X     = unknown

/bin/arch              = unknown
/usr/bin/arch -k       = unknown
/usr/convex/getsysinfo = unknown
/usr/bin/hostinfo      = Mach kernel version:
	 Darwin Kernel Version 14.4.0: Thu May 28 11:35:04 PDT 2015; root:xnu-2782.30.5~1/RELEASE_X86_64
Kernel configured for up to 4 processors.
2 processors are physically available.
4 processors are logically available.
Processor type: i486 (Intel 80486)
Processors active: 0 1 2 3
Primary memory available: 8.00 gigabytes
Default processor set: 236 tasks, 1091 threads, 4 processors
Load average: 5.32, Mach factor: 0.94
/bin/machine           = unknown
/usr/bin/oslevel       = unknown
/bin/universe          = unknown

PATH: /opt/local/bin
PATH: /opt/local/sbin
PATH: /Users/rzr142/perl5/bin
PATH: /usr/local/bin
PATH: /usr/bin
PATH: /bin
PATH: /usr/sbin
PATH: /sbin
PATH: /usr/local/ncbi/blast/bin


## ----------- ##
## Core tests. ##
## ----------- ##

configure:2427: checking for a BSD-compatible install
configure:2495: result: /usr/bin/install -c
configure:2506: checking whether build environment is sane
configure:2561: result: yes
configure:2712: checking for a thread-safe mkdir -p
configure:2751: result: config/install-sh -c -d
configure:2758: checking for gawk
configure:2788: result: no
configure:2758: checking for mawk
configure:2788: result: no
configure:2758: checking for nawk
configure:2788: result: no
configure:2758: checking for awk
configure:2774: found /usr/bin/awk
configure:2785: result: awk
configure:2796: checking whether make sets $(MAKE)
configure:2818: result: yes
configure:2847: checking whether make supports nested variables
configure:2864: result: yes
configure:3001: checking whether make supports nested variables
configure:3018: result: yes
configure:3080: checking for gcc
configure:3096: found /usr/bin/gcc
configure:3107: result: gcc
configure:3336: checking for C compiler version
configure:3345: gcc --version >&5
Apple LLVM version 6.1.0 (clang-602.0.53) (based on LLVM 3.6.0svn)
Target: x86_64-apple-darwin14.4.0
Thread model: posix
Configured with: --prefix=/Applications/Xcode.app/Contents/Developer/usr --with-gxx-include-dir=/Applications/Xcode.app/Contents/Developer/Platforms/MacOSX.platform/Developer/SDKs/MacOSX10.10.sdk/usr/include/c++/4.2.1
configure:3356: $? = 0
configure:3345: gcc -v >&5
Configured with: --prefix=/Applications/Xcode.app/Contents/Developer/usr --with-gxx-include-dir=/Applications/Xcode.app/Contents/Developer/Platforms/MacOSX.platform/Developer/SDKs/MacOSX10.10.sdk/usr/include/c++/4.2.1
Apple LLVM version 6.1.0 (clang-602.0.53) (based on LLVM 3.6.0svn)
Target: x86_64-apple-darwin14.4.0
Thread model: posix
configure:3356: $? = 0
configure:3345: gcc -V >&5
clang: error: argument to '-V' is missing (expected 1 value)
clang: error: no input files
configure:3356: $? = 1
configure:3345: gcc -qversion >&5
clang: error: unknown argument: '-qversion'
clang: error: no input files
configure:3356: $? = 1
configure:3376: checking whether the C compiler works
configure:3398: gcc    conftest.c  >&5
configure:3402: $? = 0
configure:3450: result: yes
configure:3453: checking for C compiler default output file name
configure:3455: result: a.out
configure:3461: checking for suffix of executables
configure:3468: gcc -o conftest    conftest.c  >&5
configure:3472: $? = 0
configure:3494: result: 
configure:3516: checking whether we are cross compiling
configure:3524: gcc -o conftest    conftest.c  >&5
configure:3528: $? = 0
configure:3535: ./conftest
configure:3539: $? = 0
configure:3554: result: no
configure:3559: checking for suffix of object files
configure:3581: gcc -c   conftest.c >&5
configure:3585: $? = 0
configure:3606: result: o
configure:3610: checking whether we are using the GNU C compiler
configure:3629: gcc -c   conftest.c >&5
configure:3629: $? = 0
configure:3638: result: yes
configure:3647: checking whether gcc accepts -g
configure:3667: gcc -c -g  conftest.c >&5
configure:3667: $? = 0
configure:3708: result: yes
configure:3725: checking for gcc option to accept ISO C89
configure:3788: gcc  -c -g -O2  conftest.c >&5
configure:3788: $? = 0
configure:3801: result: none needed
configure:3826: checking whether gcc understands -c and -o together
configure:3848: gcc -c conftest.c -o conftest2.o
configure:3851: $? = 0
configure:3848: gcc -c conftest.c -o conftest2.o
configure:3851: $? = 0
configure:3863: result: yes
configure:3891: checking for style of include used by make
configure:3919: result: GNU
configure:3945: checking dependency style of gcc
configure:4056: result: gcc3
configure:4072: checking whether gcc and cc understand -c and -o together
configure:4103: gcc -c conftest.c -o conftest2.o >&5
configure:4107: $? = 0
configure:4113: gcc -c conftest.c -o conftest2.o >&5
configure:4117: $? = 0
configure:4128: cc -c conftest.c >&5
configure:4132: $? = 0
configure:4140: cc -c conftest.c -o conftest2.o >&5
configure:4144: $? = 0
configure:4150: cc -c conftest.c -o conftest2.o >&5
configure:4154: $? = 0
configure:4172: result: yes
configure:4211: checking build system type
configure:4225: result: x86_64-apple-darwin14.4.0
configure:4245: checking host system type
configure:4258: result: x86_64-apple-darwin14.4.0
configure:4299: checking how to print strings
configure:4326: result: printf
configure:4347: checking for a sed that does not truncate output
configure:4411: result: /usr/bin/sed
configure:4429: checking for grep that handles long lines and -e
configure:4487: result: /usr/bin/grep
configure:4492: checking for egrep
configure:4554: result: /usr/bin/grep -E
configure:4559: checking for fgrep
configure:4621: result: /usr/bin/grep -F
configure:4656: checking for ld used by gcc
configure:4723: result: /Applications/Xcode.app/Contents/Developer/Toolchains/XcodeDefault.xctoolchain/usr/bin/ld
configure:4730: checking if the linker (/Applications/Xcode.app/Contents/Developer/Toolchains/XcodeDefault.xctoolchain/usr/bin/ld) is GNU ld
configure:4745: result: no
configure:4757: checking for BSD- or MS-compatible name lister (nm)
configure:4811: result: /opt/local/bin/nm
configure:4941: checking the name lister (/opt/local/bin/nm) interface
configure:4948: gcc -c -g -O2  conftest.c >&5
configure:4951: /opt/local/bin/nm "conftest.o"
configure:4954: output
00000000000001e4 S _some_variable
configure:4961: result: BSD nm
configure:4964: checking whether ln -s works
configure:4968: result: yes
configure:4976: checking the maximum length of command line arguments
configure:5107: result: 196608
configure:5155: checking how to convert x86_64-apple-darwin14.4.0 file names to x86_64-apple-darwin14.4.0 format
configure:5195: result: func_convert_file_noop
configure:5202: checking how to convert x86_64-apple-darwin14.4.0 file names to toolchain format
configure:5222: result: func_convert_file_noop
configure:5229: checking for /Applications/Xcode.app/Contents/Developer/Toolchains/XcodeDefault.xctoolchain/usr/bin/ld option to reload object files
configure:5236: result: -r
configure:5310: checking for objdump
configure:5340: result: no
configure:5369: checking how to recognize dependent libraries
configure:5569: result: pass_all
configure:5654: checking for dlltool
configure:5684: result: no
configure:5714: checking how to associate runtime and link libraries
configure:5741: result: printf %s\n
configure:5802: checking for ar
configure:5818: found /opt/local/bin/ar
configure:5829: result: ar
configure:5866: checking for archiver @FILE support
configure:5883: gcc -c -g -O2  conftest.c >&5
configure:5883: $? = 0
configure:5886: ar cru libconftest.a @conftest.lst >&5
ar: @conftest.lst: No such file or directory
configure:5889: $? = 1
configure:5909: result: no
configure:5967: checking for strip
configure:5983: found /opt/local/bin/strip
configure:5994: result: strip
configure:6066: checking for ranlib
configure:6082: found /opt/local/bin/ranlib
configure:6093: result: ranlib
configure:6195: checking command to parse /opt/local/bin/nm output from gcc object
configure:6348: gcc -c -g -O2  conftest.c >&5
configure:6351: $? = 0
configure:6355: /opt/local/bin/nm conftest.o \| sed -n -e 's/^.*[ ]\([BCDEGRST][BCDEGRST]*\)[ ][ ]*\([_A-Za-z][_A-Za-z0-9]*\)$/\1 \2 \2/p' | sed '/ __gnu_lto/d' \> conftest.nm
configure:6358: $? = 0
cannot find nm_test_var in conftest.nm
configure:6348: gcc -c -g -O2  conftest.c >&5
configure:6351: $? = 0
configure:6355: /opt/local/bin/nm conftest.o \| sed -n -e 's/^.*[ ]\([BCDEGRST][BCDEGRST]*\)[ ][ ]*_\([_A-Za-z][_A-Za-z0-9]*\)$/\1 _\2 \2/p' | sed '/ __gnu_lto/d' \> conftest.nm
configure:6358: $? = 0
configure:6424: gcc -o conftest -g -O2   conftest.c conftstm.o >&5
configure:6427: $? = 0
configure:6465: result: ok
configure:6512: checking for sysroot
configure:6542: result: no
configure:6549: checking for a working dd
configure:6587: result: /bin/dd
configure:6591: checking how to truncate binary pipes
configure:6606: result: /bin/dd bs=4096 count=1
configure:6935: checking for mt
configure:6965: result: no
configure:6985: checking if : is a manifest tool
configure:6991: : '-?'
configure:6999: result: no
configure:7055: checking for dsymutil
configure:7071: found /usr/bin/dsymutil
configure:7082: result: dsymutil
configure:7147: checking for nmedit
configure:7163: found /opt/local/bin/nmedit
configure:7174: result: nmedit
configure:7239: checking for lipo
configure:7255: found /opt/local/bin/lipo
configure:7266: result: lipo
configure:7331: checking for otool
configure:7347: found /opt/local/bin/otool
configure:7358: result: otool
configure:7423: checking for otool64
configure:7453: result: no
configure:7498: checking for -single_module linker flag
gcc -g -O2  -o libconftest.dylib -dynamiclib -Wl,-single_module conftest.c
configure:7531: result: yes
configure:7534: checking for -exported_symbols_list linker flag
configure:7554: gcc -o conftest -g -O2   -Wl,-exported_symbols_list,conftest.sym conftest.c  >&5
configure:7554: $? = 0
configure:7564: result: yes
configure:7567: checking for -force_load linker flag
gcc -g -O2 -c -o conftest.o conftest.c
ar cru libconftest.a conftest.o
ranlib libconftest.a
gcc -g -O2  -o conftest conftest.c -Wl,-force_load,./libconftest.a
configure:7599: result: yes
configure:7676: checking how to run the C preprocessor
configure:7707: gcc -E  conftest.c
configure:7707: $? = 0
configure:7721: gcc -E  conftest.c
conftest.c:11:10: fatal error: 'ac_nonexistent.h' file not found
#include <ac_nonexistent.h>
         ^
1 error generated.
configure:7721: $? = 1
configure: failed program was:
| /* confdefs.h */
| #define PACKAGE_NAME "meme"
| #define PACKAGE_TARNAME "meme"
| #define PACKAGE_VERSION "4.10.2"
| #define PACKAGE_STRING "meme 4.10.2"
| #define PACKAGE_BUGREPORT ""
| #define PACKAGE_URL ""
| #define PACKAGE "meme"
| #define VERSION "4.10.2"
| /* end confdefs.h.  */
| #include <ac_nonexistent.h>
configure:7746: result: gcc -E
configure:7766: gcc -E  conftest.c
configure:7766: $? = 0
configure:7780: gcc -E  conftest.c
conftest.c:11:10: fatal error: 'ac_nonexistent.h' file not found
#include <ac_nonexistent.h>
         ^
1 error generated.
configure:7780: $? = 1
configure: failed program was:
| /* confdefs.h */
| #define PACKAGE_NAME "meme"
| #define PACKAGE_TARNAME "meme"
| #define PACKAGE_VERSION "4.10.2"
| #define PACKAGE_STRING "meme 4.10.2"
| #define PACKAGE_BUGREPORT ""
| #define PACKAGE_URL ""
| #define PACKAGE "meme"
| #define VERSION "4.10.2"
| /* end confdefs.h.  */
| #include <ac_nonexistent.h>
configure:7809: checking for ANSI C header files
configure:7829: gcc -c -g -O2  conftest.c >&5
configure:7829: $? = 0
configure:7902: gcc -o conftest -g -O2   conftest.c  >&5
configure:7902: $? = 0
configure:7902: ./conftest
configure:7902: $? = 0
configure:7913: result: yes
configure:7926: checking for sys/types.h
configure:7926: gcc -c -g -O2  conftest.c >&5
configure:7926: $? = 0
configure:7926: result: yes
configure:7926: checking for sys/stat.h
configure:7926: gcc -c -g -O2  conftest.c >&5
configure:7926: $? = 0
configure:7926: result: yes
configure:7926: checking for stdlib.h
configure:7926: gcc -c -g -O2  conftest.c >&5
configure:7926: $? = 0
configure:7926: result: yes
configure:7926: checking for string.h
configure:7926: gcc -c -g -O2  conftest.c >&5
configure:7926: $? = 0
configure:7926: result: yes
configure:7926: checking for memory.h
configure:7926: gcc -c -g -O2  conftest.c >&5
configure:7926: $? = 0
configure:7926: result: yes
configure:7926: checking for strings.h
configure:7926: gcc -c -g -O2  conftest.c >&5
configure:7926: $? = 0
configure:7926: result: yes
configure:7926: checking for inttypes.h
configure:7926: gcc -c -g -O2  conftest.c >&5
configure:7926: $? = 0
configure:7926: result: yes
configure:7926: checking for stdint.h
configure:7926: gcc -c -g -O2  conftest.c >&5
configure:7926: $? = 0
configure:7926: result: yes
configure:7926: checking for unistd.h
configure:7926: gcc -c -g -O2  conftest.c >&5
configure:7926: $? = 0
configure:7926: result: yes
configure:7940: checking for dlfcn.h
configure:7940: gcc -c -g -O2  conftest.c >&5
configure:7940: $? = 0
configure:7940: result: yes
configure:8196: checking for objdir
configure:8211: result: .libs
configure:8475: checking if gcc supports -fno-rtti -fno-exceptions
configure:8493: gcc -c -g -O2  -fno-rtti -fno-exceptions conftest.c >&5
configure:8497: $? = 0
configure:8510: result: yes
configure:8868: checking for gcc option to produce PIC
configure:8875: result: -fno-common -DPIC
configure:8883: checking if gcc PIC flag -fno-common -DPIC works
configure:8901: gcc -c -g -O2  -fno-common -DPIC -DPIC conftest.c >&5
configure:8905: $? = 0
configure:8918: result: yes
configure:8947: checking if gcc static flag -static works
configure:8975: result: no
configure:8990: checking if gcc supports -c -o file.o
configure:9011: gcc -c -g -O2  -o out/conftest2.o conftest.c >&5
configure:9015: $? = 0
configure:9037: result: yes
configure:9045: checking if gcc supports -c -o file.o
configure:9092: result: yes
configure:9125: checking whether the gcc linker (/Applications/Xcode.app/Contents/Developer/Toolchains/XcodeDefault.xctoolchain/usr/bin/ld) supports shared libraries
configure:10384: result: yes
configure:10624: checking dynamic linker characteristics
configure:11442: result: darwin14.4.0 dyld
configure:11564: checking how to hardcode library paths into programs
configure:11589: result: immediate
configure:12137: checking whether stripping libraries is possible
configure:12151: result: yes
configure:12177: checking if libtool supports shared libraries
configure:12179: result: yes
configure:12182: checking whether to build shared libraries
configure:12207: result: yes
configure:12210: checking whether to build static libraries
configure:12214: result: yes
configure:12252: checking whether make sets $(MAKE)
configure:12274: result: yes
configure:12285: checking for ld
configure:12315: result: /Applications/Xcode.app/Contents/Developer/Toolchains/XcodeDefault.xctoolchain/usr/bin/ld
configure:12325: checking for sed
configure:12355: result: /usr/bin/sed
configure:12365: checking for sendmail
configure:12384: found /usr/sbin/sendmail
configure:12397: result: /usr/sbin/sendmail
configure:12407: checking for perl
configure:12425: found /opt/local/bin/perl
configure:12437: result: /opt/local/bin/perl
configure:12447: checking for python
configure:12465: found /usr/bin/python
configure:12477: result: /usr/bin/python
configure:12487: checking for convert
configure:12520: result: no
configure:12527: checking for gs
configure:12560: result: no
configure:12567: checking for xml2-config
configure:12585: found /usr/bin/xml2-config
configure:12597: result: /usr/bin/xml2-config
configure:12607: checking for xslt-config
configure:12625: found /usr/bin/xslt-config
configure:12637: result: /usr/bin/xslt-config
configure:12647: checking for ant
configure:12680: result: no
configure:12693: checking for isnan, sqrt, log, exp, fabs, pow, floor, ceil in -lm
configure:12718: gcc -o conftest -g -O2   conftest.c -lm   >&5
conftest.c:31:13: error: redefinition of 'sqrt' as different kind of symbol
char isnan, sqrt, log, exp, fabs, pow, floor, ceil ();
            ^
conftest.c:31:13: note: previous definition is here
conftest.c:31:19: error: redefinition of 'log' as different kind of symbol
char isnan, sqrt, log, exp, fabs, pow, floor, ceil ();
                  ^
conftest.c:31:19: note: previous definition is here
conftest.c:31:24: error: redefinition of 'exp' as different kind of symbol
char isnan, sqrt, log, exp, fabs, pow, floor, ceil ();
                       ^
conftest.c:31:24: note: previous definition is here
conftest.c:31:29: error: redefinition of 'fabs' as different kind of symbol
char isnan, sqrt, log, exp, fabs, pow, floor, ceil ();
                            ^
conftest.c:31:29: note: previous definition is here
conftest.c:31:35: error: redefinition of 'pow' as different kind of symbol
char isnan, sqrt, log, exp, fabs, pow, floor, ceil ();
                                  ^
conftest.c:31:35: note: previous definition is here
conftest.c:31:40: error: redefinition of 'floor' as different kind of symbol
char isnan, sqrt, log, exp, fabs, pow, floor, ceil ();
                                       ^
conftest.c:31:40: note: previous definition is here
conftest.c:31:47: warning: incompatible redeclaration of library function 'ceil' [-Wincompatible-library-redeclaration]
char isnan, sqrt, log, exp, fabs, pow, floor, ceil ();
                                              ^
conftest.c:31:47: note: 'ceil' is a builtin with type 'double (double)'
conftest.c:35:8: warning: expression result unused [-Wunused-value]
return isnan, sqrt, log, exp, fabs, pow, floor, ceil ();
       ^~~~~
conftest.c:35:15: warning: expression result unused [-Wunused-value]
return isnan, sqrt, log, exp, fabs, pow, floor, ceil ();
              ^~~~
conftest.c:35:21: warning: expression result unused [-Wunused-value]
return isnan, sqrt, log, exp, fabs, pow, floor, ceil ();
                    ^~~
conftest.c:35:26: warning: expression result unused [-Wunused-value]
return isnan, sqrt, log, exp, fabs, pow, floor, ceil ();
                         ^~~
conftest.c:35:31: warning: expression result unused [-Wunused-value]
return isnan, sqrt, log, exp, fabs, pow, floor, ceil ();
                              ^~~~
conftest.c:35:37: warning: expression result unused [-Wunused-value]
return isnan, sqrt, log, exp, fabs, pow, floor, ceil ();
                                    ^~~
conftest.c:35:42: warning: expression result unused [-Wunused-value]
return isnan, sqrt, log, exp, fabs, pow, floor, ceil ();
                                         ^~~~~
8 warnings and 6 errors generated.
configure:12718: $? = 1
configure: failed program was:
| /* confdefs.h */
| #define PACKAGE_NAME "meme"
| #define PACKAGE_TARNAME "meme"
| #define PACKAGE_VERSION "4.10.2"
| #define PACKAGE_STRING "meme 4.10.2"
| #define PACKAGE_BUGREPORT ""
| #define PACKAGE_URL ""
| #define PACKAGE "meme"
| #define VERSION "4.10.2"
| #define STDC_HEADERS 1
| #define HAVE_SYS_TYPES_H 1
| #define HAVE_SYS_STAT_H 1
| #define HAVE_STDLIB_H 1
| #define HAVE_STRING_H 1
| #define HAVE_MEMORY_H 1
| #define HAVE_STRINGS_H 1
| #define HAVE_INTTYPES_H 1
| #define HAVE_STDINT_H 1
| #define HAVE_UNISTD_H 1
| #define HAVE_DLFCN_H 1
| #define LT_OBJDIR ".libs/"
| #define HOSTNAME "bmb-pugh-22.bmb.psu.edu"
| /* end confdefs.h.  */
| 
| /* Override any GCC internal prototype to avoid an error.
|    Use char because int might match the return type of a GCC
|    builtin and then its argument prototype would still apply.  */
| #ifdef __cplusplus
| extern "C"
| #endif
| char isnan, sqrt, log, exp, fabs, pow, floor, ceil ();
| int
| main ()
| {
| return isnan, sqrt, log, exp, fabs, pow, floor, ceil ();
|   ;
|   return 0;
| }
configure:12727: result: no
configure:12737: WARNING: Math library not found
configure:12741: checking for compress in -lz
configure:12766: gcc -o conftest -g -O2   conftest.c -lz   >&5
configure:12766: $? = 0
configure:12775: result: yes
configure:12791: checking for ANSI C header files
configure:12895: result: yes
configure:12903: checking for sys/wait.h that is POSIX.1 compatible
configure:12929: gcc -c -g -O2  conftest.c >&5
configure:12929: $? = 0
configure:12936: result: yes
configure:12947: checking arpa/inet.h usability
configure:12947: gcc -c -g -O2  conftest.c >&5
configure:12947: $? = 0
configure:12947: result: yes
configure:12947: checking arpa/inet.h presence
configure:12947: gcc -E  conftest.c
configure:12947: $? = 0
configure:12947: result: yes
configure:12947: checking for arpa/inet.h
configure:12947: result: yes
configure:12947: checking ctype.h usability
configure:12947: gcc -c -g -O2  conftest.c >&5
configure:12947: $? = 0
configure:12947: result: yes
configure:12947: checking ctype.h presence
configure:12947: gcc -E  conftest.c
configure:12947: $? = 0
configure:12947: result: yes
configure:12947: checking for ctype.h
configure:12947: result: yes
configure:12947: checking fcntl.h usability
configure:12947: gcc -c -g -O2  conftest.c >&5
configure:12947: $? = 0
configure:12947: result: yes
configure:12947: checking fcntl.h presence
configure:12947: gcc -E  conftest.c
configure:12947: $? = 0
configure:12947: result: yes
configure:12947: checking for fcntl.h
configure:12947: result: yes
configure:12947: checking limits.h usability
configure:12947: gcc -c -g -O2  conftest.c >&5
configure:12947: $? = 0
configure:12947: result: yes
configure:12947: checking limits.h presence
configure:12947: gcc -E  conftest.c
configure:12947: $? = 0
configure:12947: result: yes
configure:12947: checking for limits.h
configure:12947: result: yes
configure:12947: checking netdb.h usability
configure:12947: gcc -c -g -O2  conftest.c >&5
configure:12947: $? = 0
configure:12947: result: yes
configure:12947: checking netdb.h presence
configure:12947: gcc -E  conftest.c
configure:12947: $? = 0
configure:12947: result: yes
configure:12947: checking for netdb.h
configure:12947: result: yes
configure:12947: checking netinet/in.h usability
configure:12947: gcc -c -g -O2  conftest.c >&5
configure:12947: $? = 0
configure:12947: result: yes
configure:12947: checking netinet/in.h presence
configure:12947: gcc -E  conftest.c
configure:12947: $? = 0
configure:12947: result: yes
configure:12947: checking for netinet/in.h
configure:12947: result: yes
configure:12947: checking for stdlib.h
configure:12947: result: yes
configure:12947: checking for string.h
configure:12947: result: yes
configure:12947: checking for strings.h
configure:12947: result: yes
configure:12947: checking sys/socket.h usability
configure:12947: gcc -c -g -O2  conftest.c >&5
configure:12947: $? = 0
configure:12947: result: yes
configure:12947: checking sys/socket.h presence
configure:12947: gcc -E  conftest.c
configure:12947: $? = 0
configure:12947: result: yes
configure:12947: checking for sys/socket.h
configure:12947: result: yes
configure:12947: checking sys/time.h usability
configure:12947: gcc -c -g -O2  conftest.c >&5
configure:12947: $? = 0
configure:12947: result: yes
configure:12947: checking sys/time.h presence
configure:12947: gcc -E  conftest.c
configure:12947: $? = 0
configure:12947: result: yes
configure:12947: checking for sys/time.h
configure:12947: result: yes
configure:12947: checking for unistd.h
configure:12947: result: yes
configure:12959: checking for an ANSI C-conforming const
configure:13025: gcc -c -g -O2  conftest.c >&5
configure:13025: $? = 0
configure:13032: result: yes
configure:13040: checking for stdbool.h that conforms to C99
configure:13107: gcc -c -g -O2  conftest.c >&5
conftest.c:88:24: warning: address of 's' will always evaluate to 'true' [-Wpointer-bool-conversion]
             bool e = &s;
                  ~    ^
1 warning generated.
configure:13107: $? = 0
configure:13114: result: yes
configure:13116: checking for _Bool
configure:13116: gcc -c -g -O2  conftest.c >&5
configure:13116: $? = 0
configure:13116: gcc -c -g -O2  conftest.c >&5
conftest.c:75:20: error: expected expression
if (sizeof ((_Bool)))
                   ^
1 error generated.
configure:13116: $? = 1
configure: failed program was:
| /* confdefs.h */
| #define PACKAGE_NAME "meme"
| #define PACKAGE_TARNAME "meme"
| #define PACKAGE_VERSION "4.10.2"
| #define PACKAGE_STRING "meme 4.10.2"
| #define PACKAGE_BUGREPORT ""
| #define PACKAGE_URL ""
| #define PACKAGE "meme"
| #define VERSION "4.10.2"
| #define STDC_HEADERS 1
| #define HAVE_SYS_TYPES_H 1
| #define HAVE_SYS_STAT_H 1
| #define HAVE_STDLIB_H 1
| #define HAVE_STRING_H 1
| #define HAVE_MEMORY_H 1
| #define HAVE_STRINGS_H 1
| #define HAVE_INTTYPES_H 1
| #define HAVE_STDINT_H 1
| #define HAVE_UNISTD_H 1
| #define HAVE_DLFCN_H 1
| #define LT_OBJDIR ".libs/"
| #define HOSTNAME "bmb-pugh-22.bmb.psu.edu"
| #define HAVE_LIBZ 1
| #define STDC_HEADERS 1
| #define HAVE_SYS_WAIT_H 1
| #define HAVE_ARPA_INET_H 1
| #define HAVE_CTYPE_H 1
| #define HAVE_FCNTL_H 1
| #define HAVE_LIMITS_H 1
| #define HAVE_NETDB_H 1
| #define HAVE_NETINET_IN_H 1
| #define HAVE_STDLIB_H 1
| #define HAVE_STRING_H 1
| #define HAVE_STRINGS_H 1
| #define HAVE_SYS_SOCKET_H 1
| #define HAVE_SYS_TIME_H 1
| #define HAVE_UNISTD_H 1
| /* end confdefs.h.  */
| #include <stdio.h>
| #ifdef HAVE_SYS_TYPES_H
| # include <sys/types.h>
| #endif
| #ifdef HAVE_SYS_STAT_H
| # include <sys/stat.h>
| #endif
| #ifdef STDC_HEADERS
| # include <stdlib.h>
| # include <stddef.h>
| #else
| # ifdef HAVE_STDLIB_H
| #  include <stdlib.h>
| # endif
| #endif
| #ifdef HAVE_STRING_H
| # if !defined STDC_HEADERS && defined HAVE_MEMORY_H
| #  include <memory.h>
| # endif
| # include <string.h>
| #endif
| #ifdef HAVE_STRINGS_H
| # include <strings.h>
| #endif
| #ifdef HAVE_INTTYPES_H
| # include <inttypes.h>
| #endif
| #ifdef HAVE_STDINT_H
| # include <stdint.h>
| #endif
| #ifdef HAVE_UNISTD_H
| # include <unistd.h>
| #endif
| int
| main ()
| {
| if (sizeof ((_Bool)))
| 	    return 0;
|   ;
|   return 0;
| }
configure:13116: result: yes
configure:13133: checking for pid_t
configure:13133: gcc -c -g -O2  conftest.c >&5
configure:13133: $? = 0
configure:13133: gcc -c -g -O2  conftest.c >&5
conftest.c:77:20: error: expected expression
if (sizeof ((pid_t)))
                   ^
1 error generated.
configure:13133: $? = 1
configure: failed program was:
| /* confdefs.h */
| #define PACKAGE_NAME "meme"
| #define PACKAGE_TARNAME "meme"
| #define PACKAGE_VERSION "4.10.2"
| #define PACKAGE_STRING "meme 4.10.2"
| #define PACKAGE_BUGREPORT ""
| #define PACKAGE_URL ""
| #define PACKAGE "meme"
| #define VERSION "4.10.2"
| #define STDC_HEADERS 1
| #define HAVE_SYS_TYPES_H 1
| #define HAVE_SYS_STAT_H 1
| #define HAVE_STDLIB_H 1
| #define HAVE_STRING_H 1
| #define HAVE_MEMORY_H 1
| #define HAVE_STRINGS_H 1
| #define HAVE_INTTYPES_H 1
| #define HAVE_STDINT_H 1
| #define HAVE_UNISTD_H 1
| #define HAVE_DLFCN_H 1
| #define LT_OBJDIR ".libs/"
| #define HOSTNAME "bmb-pugh-22.bmb.psu.edu"
| #define HAVE_LIBZ 1
| #define STDC_HEADERS 1
| #define HAVE_SYS_WAIT_H 1
| #define HAVE_ARPA_INET_H 1
| #define HAVE_CTYPE_H 1
| #define HAVE_FCNTL_H 1
| #define HAVE_LIMITS_H 1
| #define HAVE_NETDB_H 1
| #define HAVE_NETINET_IN_H 1
| #define HAVE_STDLIB_H 1
| #define HAVE_STRING_H 1
| #define HAVE_STRINGS_H 1
| #define HAVE_SYS_SOCKET_H 1
| #define HAVE_SYS_TIME_H 1
| #define HAVE_UNISTD_H 1
| #define HAVE__BOOL 1
| #define HAVE_STDBOOL_H 1
| /* end confdefs.h.  */
| #include <stdio.h>
| #ifdef HAVE_SYS_TYPES_H
| # include <sys/types.h>
| #endif
| #ifdef HAVE_SYS_STAT_H
| # include <sys/stat.h>
| #endif
| #ifdef STDC_HEADERS
| # include <stdlib.h>
| # include <stddef.h>
| #else
| # ifdef HAVE_STDLIB_H
| #  include <stdlib.h>
| # endif
| #endif
| #ifdef HAVE_STRING_H
| # if !defined STDC_HEADERS && defined HAVE_MEMORY_H
| #  include <memory.h>
| # endif
| # include <string.h>
| #endif
| #ifdef HAVE_STRINGS_H
| # include <strings.h>
| #endif
| #ifdef HAVE_INTTYPES_H
| # include <inttypes.h>
| #endif
| #ifdef HAVE_STDINT_H
| # include <stdint.h>
| #endif
| #ifdef HAVE_UNISTD_H
| # include <unistd.h>
| #endif
| int
| main ()
| {
| if (sizeof ((pid_t)))
| 	    return 0;
|   ;
|   return 0;
| }
configure:13133: result: yes
configure:13144: checking for size_t
configure:13144: gcc -c -g -O2  conftest.c >&5
configure:13144: $? = 0
configure:13144: gcc -c -g -O2  conftest.c >&5
conftest.c:77:21: error: expected expression
if (sizeof ((size_t)))
                    ^
1 error generated.
configure:13144: $? = 1
configure: failed program was:
| /* confdefs.h */
| #define PACKAGE_NAME "meme"
| #define PACKAGE_TARNAME "meme"
| #define PACKAGE_VERSION "4.10.2"
| #define PACKAGE_STRING "meme 4.10.2"
| #define PACKAGE_BUGREPORT ""
| #define PACKAGE_URL ""
| #define PACKAGE "meme"
| #define VERSION "4.10.2"
| #define STDC_HEADERS 1
| #define HAVE_SYS_TYPES_H 1
| #define HAVE_SYS_STAT_H 1
| #define HAVE_STDLIB_H 1
| #define HAVE_STRING_H 1
| #define HAVE_MEMORY_H 1
| #define HAVE_STRINGS_H 1
| #define HAVE_INTTYPES_H 1
| #define HAVE_STDINT_H 1
| #define HAVE_UNISTD_H 1
| #define HAVE_DLFCN_H 1
| #define LT_OBJDIR ".libs/"
| #define HOSTNAME "bmb-pugh-22.bmb.psu.edu"
| #define HAVE_LIBZ 1
| #define STDC_HEADERS 1
| #define HAVE_SYS_WAIT_H 1
| #define HAVE_ARPA_INET_H 1
| #define HAVE_CTYPE_H 1
| #define HAVE_FCNTL_H 1
| #define HAVE_LIMITS_H 1
| #define HAVE_NETDB_H 1
| #define HAVE_NETINET_IN_H 1
| #define HAVE_STDLIB_H 1
| #define HAVE_STRING_H 1
| #define HAVE_STRINGS_H 1
| #define HAVE_SYS_SOCKET_H 1
| #define HAVE_SYS_TIME_H 1
| #define HAVE_UNISTD_H 1
| #define HAVE__BOOL 1
| #define HAVE_STDBOOL_H 1
| /* end confdefs.h.  */
| #include <stdio.h>
| #ifdef HAVE_SYS_TYPES_H
| # include <sys/types.h>
| #endif
| #ifdef HAVE_SYS_STAT_H
| # include <sys/stat.h>
| #endif
| #ifdef STDC_HEADERS
| # include <stdlib.h>
| # include <stddef.h>
| #else
| # ifdef HAVE_STDLIB_H
| #  include <stdlib.h>
| # endif
| #endif
| #ifdef HAVE_STRING_H
| # if !defined STDC_HEADERS && defined HAVE_MEMORY_H
| #  include <memory.h>
| # endif
| # include <string.h>
| #endif
| #ifdef HAVE_STRINGS_H
| # include <strings.h>
| #endif
| #ifdef HAVE_INTTYPES_H
| # include <inttypes.h>
| #endif
| #ifdef HAVE_STDINT_H
| # include <stdint.h>
| #endif
| #ifdef HAVE_UNISTD_H
| # include <unistd.h>
| #endif
| int
| main ()
| {
| if (sizeof ((size_t)))
| 	    return 0;
|   ;
|   return 0;
| }
configure:13144: result: yes
configure:13159: checking vfork.h usability
configure:13159: gcc -c -g -O2  conftest.c >&5
conftest.c:74:10: fatal error: 'vfork.h' file not found
#include <vfork.h>
         ^
1 error generated.
configure:13159: $? = 1
configure: failed program was:
| /* confdefs.h */
| #define PACKAGE_NAME "meme"
| #define PACKAGE_TARNAME "meme"
| #define PACKAGE_VERSION "4.10.2"
| #define PACKAGE_STRING "meme 4.10.2"
| #define PACKAGE_BUGREPORT ""
| #define PACKAGE_URL ""
| #define PACKAGE "meme"
| #define VERSION "4.10.2"
| #define STDC_HEADERS 1
| #define HAVE_SYS_TYPES_H 1
| #define HAVE_SYS_STAT_H 1
| #define HAVE_STDLIB_H 1
| #define HAVE_STRING_H 1
| #define HAVE_MEMORY_H 1
| #define HAVE_STRINGS_H 1
| #define HAVE_INTTYPES_H 1
| #define HAVE_STDINT_H 1
| #define HAVE_UNISTD_H 1
| #define HAVE_DLFCN_H 1
| #define LT_OBJDIR ".libs/"
| #define HOSTNAME "bmb-pugh-22.bmb.psu.edu"
| #define HAVE_LIBZ 1
| #define STDC_HEADERS 1
| #define HAVE_SYS_WAIT_H 1
| #define HAVE_ARPA_INET_H 1
| #define HAVE_CTYPE_H 1
| #define HAVE_FCNTL_H 1
| #define HAVE_LIMITS_H 1
| #define HAVE_NETDB_H 1
| #define HAVE_NETINET_IN_H 1
| #define HAVE_STDLIB_H 1
| #define HAVE_STRING_H 1
| #define HAVE_STRINGS_H 1
| #define HAVE_SYS_SOCKET_H 1
| #define HAVE_SYS_TIME_H 1
| #define HAVE_UNISTD_H 1
| #define HAVE__BOOL 1
| #define HAVE_STDBOOL_H 1
| /* end confdefs.h.  */
| #include <stdio.h>
| #ifdef HAVE_SYS_TYPES_H
| # include <sys/types.h>
| #endif
| #ifdef HAVE_SYS_STAT_H
| # include <sys/stat.h>
| #endif
| #ifdef STDC_HEADERS
| # include <stdlib.h>
| # include <stddef.h>
| #else
| # ifdef HAVE_STDLIB_H
| #  include <stdlib.h>
| # endif
| #endif
| #ifdef HAVE_STRING_H
| # if !defined STDC_HEADERS && defined HAVE_MEMORY_H
| #  include <memory.h>
| # endif
| # include <string.h>
| #endif
| #ifdef HAVE_STRINGS_H
| # include <strings.h>
| #endif
| #ifdef HAVE_INTTYPES_H
| # include <inttypes.h>
| #endif
| #ifdef HAVE_STDINT_H
| # include <stdint.h>
| #endif
| #ifdef HAVE_UNISTD_H
| # include <unistd.h>
| #endif
| #include <vfork.h>
configure:13159: result: no
configure:13159: checking vfork.h presence
configure:13159: gcc -E  conftest.c
conftest.c:41:10: fatal error: 'vfork.h' file not found
#include <vfork.h>
         ^
1 error generated.
configure:13159: $? = 1
configure: failed program was:
| /* confdefs.h */
| #define PACKAGE_NAME "meme"
| #define PACKAGE_TARNAME "meme"
| #define PACKAGE_VERSION "4.10.2"
| #define PACKAGE_STRING "meme 4.10.2"
| #define PACKAGE_BUGREPORT ""
| #define PACKAGE_URL ""
| #define PACKAGE "meme"
| #define VERSION "4.10.2"
| #define STDC_HEADERS 1
| #define HAVE_SYS_TYPES_H 1
| #define HAVE_SYS_STAT_H 1
| #define HAVE_STDLIB_H 1
| #define HAVE_STRING_H 1
| #define HAVE_MEMORY_H 1
| #define HAVE_STRINGS_H 1
| #define HAVE_INTTYPES_H 1
| #define HAVE_STDINT_H 1
| #define HAVE_UNISTD_H 1
| #define HAVE_DLFCN_H 1
| #define LT_OBJDIR ".libs/"
| #define HOSTNAME "bmb-pugh-22.bmb.psu.edu"
| #define HAVE_LIBZ 1
| #define STDC_HEADERS 1
| #define HAVE_SYS_WAIT_H 1
| #define HAVE_ARPA_INET_H 1
| #define HAVE_CTYPE_H 1
| #define HAVE_FCNTL_H 1
| #define HAVE_LIMITS_H 1
| #define HAVE_NETDB_H 1
| #define HAVE_NETINET_IN_H 1
| #define HAVE_STDLIB_H 1
| #define HAVE_STRING_H 1
| #define HAVE_STRINGS_H 1
| #define HAVE_SYS_SOCKET_H 1
| #define HAVE_SYS_TIME_H 1
| #define HAVE_UNISTD_H 1
| #define HAVE__BOOL 1
| #define HAVE_STDBOOL_H 1
| /* end confdefs.h.  */
| #include <vfork.h>
configure:13159: result: no
configure:13159: checking for vfork.h
configure:13159: result: no
configure:13172: checking for fork
configure:13172: gcc -o conftest -g -O2   conftest.c -lz  >&5
configure:13172: $? = 0
configure:13172: result: yes
configure:13172: checking for vfork
configure:13172: gcc -o conftest -g -O2   conftest.c -lz  >&5
conftest.c:65:6: warning: incompatible redeclaration of library function 'vfork' [-Wincompatible-library-redeclaration]
char vfork ();
     ^
conftest.c:65:6: note: 'vfork' is a builtin with type 'int (void)'
1 warning generated.
configure:13172: $? = 0
configure:13172: result: yes
configure:13182: checking for working fork
configure:13204: gcc -o conftest -g -O2   conftest.c -lz  >&5
configure:13204: $? = 0
configure:13204: ./conftest
configure:13204: $? = 0
configure:13214: result: yes
configure:13235: checking for working vfork
configure:13345: result: yes
configure:13372: checking for stdlib.h
configure:13372: result: yes
configure:13382: checking for GNU libc compatible malloc
configure:13406: gcc -o conftest -g -O2   conftest.c -lz  >&5
configure:13406: $? = 0
configure:13406: ./conftest
configure:13406: $? = 0
configure:13416: result: yes
configure:13439: checking for stdlib.h
configure:13439: result: yes
configure:13449: checking for GNU libc compatible realloc
configure:13473: gcc -o conftest -g -O2   conftest.c -lz  >&5
configure:13473: $? = 0
configure:13473: ./conftest
configure:13473: $? = 0
configure:13483: result: yes
configure:13504: checking return type of signal handlers
configure:13522: gcc -c -g -O2  conftest.c >&5
conftest.c:55:8: error: indirection requires pointer operand ('void' invalid)
return *(signal (0, 0)) (0) == 1;
       ^~~~~~~~~~~~~~~~~~~~
1 error generated.
configure:13522: $? = 1
configure: failed program was:
| /* confdefs.h */
| #define PACKAGE_NAME "meme"
| #define PACKAGE_TARNAME "meme"
| #define PACKAGE_VERSION "4.10.2"
| #define PACKAGE_STRING "meme 4.10.2"
| #define PACKAGE_BUGREPORT ""
| #define PACKAGE_URL ""
| #define PACKAGE "meme"
| #define VERSION "4.10.2"
| #define STDC_HEADERS 1
| #define HAVE_SYS_TYPES_H 1
| #define HAVE_SYS_STAT_H 1
| #define HAVE_STDLIB_H 1
| #define HAVE_STRING_H 1
| #define HAVE_MEMORY_H 1
| #define HAVE_STRINGS_H 1
| #define HAVE_INTTYPES_H 1
| #define HAVE_STDINT_H 1
| #define HAVE_UNISTD_H 1
| #define HAVE_DLFCN_H 1
| #define LT_OBJDIR ".libs/"
| #define HOSTNAME "bmb-pugh-22.bmb.psu.edu"
| #define HAVE_LIBZ 1
| #define STDC_HEADERS 1
| #define HAVE_SYS_WAIT_H 1
| #define HAVE_ARPA_INET_H 1
| #define HAVE_CTYPE_H 1
| #define HAVE_FCNTL_H 1
| #define HAVE_LIMITS_H 1
| #define HAVE_NETDB_H 1
| #define HAVE_NETINET_IN_H 1
| #define HAVE_STDLIB_H 1
| #define HAVE_STRING_H 1
| #define HAVE_STRINGS_H 1
| #define HAVE_SYS_SOCKET_H 1
| #define HAVE_SYS_TIME_H 1
| #define HAVE_UNISTD_H 1
| #define HAVE__BOOL 1
| #define HAVE_STDBOOL_H 1
| #define HAVE_FORK 1
| #define HAVE_VFORK 1
| #define HAVE_WORKING_VFORK 1
| #define HAVE_WORKING_FORK 1
| #define HAVE_STDLIB_H 1
| #define HAVE_MALLOC 1
| #define HAVE_STDLIB_H 1
| #define HAVE_REALLOC 1
| /* end confdefs.h.  */
| #include <sys/types.h>
| #include <signal.h>
| 
| int
| main ()
| {
| return *(signal (0, 0)) (0) == 1;
|   ;
|   return 0;
| }
configure:13529: result: void
configure:13537: checking whether lstat correctly handles trailing slash
configure:13563: gcc -o conftest -g -O2   conftest.c -lz  >&5
configure:13563: $? = 0
configure:13563: ./conftest
configure:13563: $? = 1
configure: program exited with status 1
configure: failed program was:
| /* confdefs.h */
| #define PACKAGE_NAME "meme"
| #define PACKAGE_TARNAME "meme"
| #define PACKAGE_VERSION "4.10.2"
| #define PACKAGE_STRING "meme 4.10.2"
| #define PACKAGE_BUGREPORT ""
| #define PACKAGE_URL ""
| #define PACKAGE "meme"
| #define VERSION "4.10.2"
| #define STDC_HEADERS 1
| #define HAVE_SYS_TYPES_H 1
| #define HAVE_SYS_STAT_H 1
| #define HAVE_STDLIB_H 1
| #define HAVE_STRING_H 1
| #define HAVE_MEMORY_H 1
| #define HAVE_STRINGS_H 1
| #define HAVE_INTTYPES_H 1
| #define HAVE_STDINT_H 1
| #define HAVE_UNISTD_H 1
| #define HAVE_DLFCN_H 1
| #define LT_OBJDIR ".libs/"
| #define HOSTNAME "bmb-pugh-22.bmb.psu.edu"
| #define HAVE_LIBZ 1
| #define STDC_HEADERS 1
| #define HAVE_SYS_WAIT_H 1
| #define HAVE_ARPA_INET_H 1
| #define HAVE_CTYPE_H 1
| #define HAVE_FCNTL_H 1
| #define HAVE_LIMITS_H 1
| #define HAVE_NETDB_H 1
| #define HAVE_NETINET_IN_H 1
| #define HAVE_STDLIB_H 1
| #define HAVE_STRING_H 1
| #define HAVE_STRINGS_H 1
| #define HAVE_SYS_SOCKET_H 1
| #define HAVE_SYS_TIME_H 1
| #define HAVE_UNISTD_H 1
| #define HAVE__BOOL 1
| #define HAVE_STDBOOL_H 1
| #define HAVE_FORK 1
| #define HAVE_VFORK 1
| #define HAVE_WORKING_VFORK 1
| #define HAVE_WORKING_FORK 1
| #define HAVE_STDLIB_H 1
| #define HAVE_MALLOC 1
| #define HAVE_STDLIB_H 1
| #define HAVE_REALLOC 1
| #define RETSIGTYPE void
| /* end confdefs.h.  */
| #include <stdio.h>
| #ifdef HAVE_SYS_TYPES_H
| # include <sys/types.h>
| #endif
| #ifdef HAVE_SYS_STAT_H
| # include <sys/stat.h>
| #endif
| #ifdef STDC_HEADERS
| # include <stdlib.h>
| # include <stddef.h>
| #else
| # ifdef HAVE_STDLIB_H
| #  include <stdlib.h>
| # endif
| #endif
| #ifdef HAVE_STRING_H
| # if !defined STDC_HEADERS && defined HAVE_MEMORY_H
| #  include <memory.h>
| # endif
| # include <string.h>
| #endif
| #ifdef HAVE_STRINGS_H
| # include <strings.h>
| #endif
| #ifdef HAVE_INTTYPES_H
| # include <inttypes.h>
| #endif
| #ifdef HAVE_STDINT_H
| # include <stdint.h>
| #endif
| #ifdef HAVE_UNISTD_H
| # include <unistd.h>
| #endif
| int
| main ()
| {
| struct stat sbuf;
|      /* Linux will dereference the symlink and fail, as required by POSIX.
| 	That is better in the sense that it means we will not
| 	have to compile and use the lstat wrapper.  */
|      return lstat ("conftest.sym/", &sbuf) == 0;
|   ;
|   return 0;
| }
configure:13580: result: no
configure:13599: checking whether stat accepts an empty string
configure:13619: gcc -o conftest -g -O2   conftest.c -lz  >&5
configure:13619: $? = 0
configure:13619: ./conftest
configure:13619: $? = 0
configure:13629: result: no
configure:13648: checking for floor
configure:13648: gcc -o conftest -g -O2   conftest.c -lz  >&5
conftest.c:73:6: warning: incompatible redeclaration of library function 'floor' [-Wincompatible-library-redeclaration]
char floor ();
     ^
conftest.c:73:6: note: 'floor' is a builtin with type 'double (double)'
1 warning generated.
configure:13648: $? = 0
configure:13648: result: yes
configure:13648: checking for getcwd
configure:13648: gcc -o conftest -g -O2   conftest.c -lz  >&5
configure:13648: $? = 0
configure:13648: result: yes
configure:13648: checking for gethostbyname
configure:13648: gcc -o conftest -g -O2   conftest.c -lz  >&5
configure:13648: $? = 0
configure:13648: result: yes
configure:13648: checking for isascii
configure:13648: gcc -o conftest -g -O2   conftest.c -lz  >&5
configure:13648: $? = 0
configure:13648: result: yes
configure:13648: checking for memset
configure:13648: gcc -o conftest -g -O2   conftest.c -lz  >&5
conftest.c:77:6: warning: incompatible redeclaration of library function 'memset' [-Wincompatible-library-redeclaration]
char memset ();
     ^
conftest.c:77:6: note: 'memset' is a builtin with type 'void *(void *, int, unsigned long)'
1 warning generated.
configure:13648: $? = 0
configure:13648: result: yes
configure:13648: checking for pow
configure:13648: gcc -o conftest -g -O2   conftest.c -lz  >&5
conftest.c:78:6: warning: incompatible redeclaration of library function 'pow' [-Wincompatible-library-redeclaration]
char pow ();
     ^
conftest.c:78:6: note: 'pow' is a builtin with type 'double (double, double)'
1 warning generated.
configure:13648: $? = 0
configure:13648: result: yes
configure:13648: checking for rint
configure:13648: gcc -o conftest -g -O2   conftest.c -lz  >&5
conftest.c:79:6: warning: incompatible redeclaration of library function 'rint' [-Wincompatible-library-redeclaration]
char rint ();
     ^
conftest.c:79:6: note: 'rint' is a builtin with type 'double (double)'
1 warning generated.
configure:13648: $? = 0
configure:13648: result: yes
configure:13648: checking for socket
configure:13648: gcc -o conftest -g -O2   conftest.c -lz  >&5
configure:13648: $? = 0
configure:13648: result: yes
configure:13648: checking for sqrt
configure:13648: gcc -o conftest -g -O2   conftest.c -lz  >&5
conftest.c:81:6: warning: incompatible redeclaration of library function 'sqrt' [-Wincompatible-library-redeclaration]
char sqrt ();
     ^
conftest.c:81:6: note: 'sqrt' is a builtin with type 'double (double)'
1 warning generated.
configure:13648: $? = 0
configure:13648: result: yes
configure:13648: checking for strchr
configure:13648: gcc -o conftest -g -O2   conftest.c -lz  >&5
conftest.c:82:6: warning: incompatible redeclaration of library function 'strchr' [-Wincompatible-library-redeclaration]
char strchr ();
     ^
conftest.c:82:6: note: 'strchr' is a builtin with type 'char *(const char *, int)'
1 warning generated.
configure:13648: $? = 0
configure:13648: result: yes
configure:13648: checking for strcspn
configure:13648: gcc -o conftest -g -O2   conftest.c -lz  >&5
conftest.c:83:6: warning: incompatible redeclaration of library function 'strcspn' [-Wincompatible-library-redeclaration]
char strcspn ();
     ^
conftest.c:83:6: note: 'strcspn' is a builtin with type 'unsigned long (const char *, const char *)'
1 warning generated.
configure:13648: $? = 0
configure:13648: result: yes
configure:13648: checking for strdup
configure:13648: gcc -o conftest -g -O2   conftest.c -lz  >&5
conftest.c:84:6: warning: incompatible redeclaration of library function 'strdup' [-Wincompatible-library-redeclaration]
char strdup ();
     ^
conftest.c:84:6: note: 'strdup' is a builtin with type 'char *(const char *)'
1 warning generated.
configure:13648: $? = 0
configure:13648: result: yes
configure:13648: checking for strspn
configure:13648: gcc -o conftest -g -O2   conftest.c -lz  >&5
conftest.c:85:6: warning: incompatible redeclaration of library function 'strspn' [-Wincompatible-library-redeclaration]
char strspn ();
     ^
conftest.c:85:6: note: 'strspn' is a builtin with type 'unsigned long (const char *, const char *)'
1 warning generated.
configure:13648: $? = 0
configure:13648: result: yes
configure:13648: checking for strstr
configure:13648: gcc -o conftest -g -O2   conftest.c -lz  >&5
conftest.c:86:6: warning: incompatible redeclaration of library function 'strstr' [-Wincompatible-library-redeclaration]
char strstr ();
     ^
conftest.c:86:6: note: 'strstr' is a builtin with type 'char *(const char *, const char *)'
1 warning generated.
configure:13648: $? = 0
configure:13648: result: yes
configure:13659: checking for strlcpy
configure:13659: gcc -o conftest -g -O2   conftest.c -lz  >&5
conftest.c:87:6: warning: incompatible redeclaration of library function 'strlcpy' [-Wincompatible-library-redeclaration]
char strlcpy ();
     ^
conftest.c:87:6: note: 'strlcpy' is a builtin with type 'unsigned long (char *, const char *, unsigned long)'
1 warning generated.
configure:13659: $? = 0
configure:13659: result: yes
configure:14083: checking for mpicc
configure:14116: result: no
configure:14083: checking for openmpicc
configure:14116: result: no
configure:14083: checking for mpcc
configure:14116: result: no
configure:14128: checking for mpirun
configure:14161: result: no
configure:14128: checking for openmpirun
configure:14161: result: no
configure:14508: checking for perl
configure:14538: result: /opt/local/bin/perl
configure:14562: checking for python
configure:14592: result: /usr/bin/python
configure:14616: checking for convert
configure:14649: result: no
configure:14671: checking for gs
configure:14704: result: no
configure:14894: checking that generated files are newer than configure
configure:14900: result: done
configure:14959: creating ./config.status

## ---------------------- ##
## Running config.status. ##
## ---------------------- ##

This file was extended by meme config.status 4.10.2, which was
generated by GNU Autoconf 2.69.  Invocation command line was

  CONFIG_FILES    = 
  CONFIG_HEADERS  = 
  CONFIG_LINKS    = 
  CONFIG_COMMANDS = 
  $ ./config.status 

on bmb-pugh-22.bmb.psu.edu

config.status:1239: creating Makefile
config.status:1239: creating doc/Makefile
config.status:1239: creating doc/css/Makefile
config.status:1239: creating doc/examples/Makefile
config.status:1239: creating doc/examples/compute_prior_dist_example_output_files/Makefile
config.status:1239: creating doc/examples/sample_opal_scripts/Makefile
config.status:1239: creating doc/images/Makefile
config.status:1239: creating doc/js/Makefile
config.status:1239: creating etc/Makefile
config.status:1239: creating src/filters/Makefile
config.status:1239: creating src/filters/purge/Makefile
config.status:1239: creating src/filters/dust/Makefile
config.status:1239: creating scripts/Makefile
config.status:1239: creating src/Makefile
config.status:1239: creating src/libxml2/Makefile
config.status:1239: creating src/libxml2/include/Makefile
config.status:1239: creating src/libxml2/include/libxml/Makefile
config.status:1239: creating src/libxslt/Makefile
config.status:1239: creating src/libexslt/Makefile
config.status:1239: creating src/parallel/Makefile
config.status:1239: creating src/wiggle/Makefile
config.status:1239: creating tests/Makefile
config.status:1239: creating tests/ame/Makefile
config.status:1239: creating tests/centrimo/Makefile
config.status:1239: creating tests/clustalw2fasta/Makefile
config.status:1239: creating tests/common/Makefile
config.status:1239: creating tests/create-priors/Makefile
config.status:1239: creating tests/draw-mhmm/Makefile
config.status:1239: creating tests/dreme/Makefile
config.status:1239: creating tests/fasta-center/Makefile
config.status:1239: creating tests/fimo/Makefile
config.status:1239: creating tests/glam2/Makefile
config.status:1239: creating tests/glam2scan/Makefile
config.status:1239: creating tests/gomo/Makefile
config.status:1239: creating tests/mast/Makefile
config.status:1239: creating tests/mcast/Makefile
config.status:1239: creating tests/meme/Makefile
config.status:1239: creating tests/mhmm/Makefile
config.status:1239: creating tests/mhmms/Makefile
config.status:1239: creating tests/mhmmscan/Makefile
config.status:1239: creating tests/motiph/Makefile
config.status:1239: creating tests/psp-gen/Makefile
config.status:1239: creating tests/qvalue/Makefile
config.status:1239: creating tests/scaffold/Makefile
config.status:1239: creating tests/spamo/Makefile
config.status:1239: creating tests/scripts/Makefile
config.status:1239: creating tests/tomtom/Makefile
config.status:1239: creating tests/web/Makefile
config.status:1239: creating config.h
config.status:1468: executing depfiles commands
config.status:1468: executing libtool commands
configure:17155: WARNING:     Neither Ghostscript or convert utilities were found. Png images won''t be generated from encapsulated postscript.   
configure:17167: WARNING:     
Checking Required Perl Modules:
HTML::PullParser missing.
HTML::Template missing.
XML::Simple missing.
XML::Parser::Expat missing.
XML::Compile::SOAP11 missing. Used for downloading sequence databases from RSAT
XML::Compile::WSDL11 missing. Used for downloading sequence databases from RSAT
XML::Compile::Transport::SOAPHTTP missing. Used for downloading sequence databases from RSAT

Checking Optional Modules:
Log::Log4perl missing. Used for logging and debugging by developers.
Math::CDF missing. Only required for fasta-enriched-center script (which is not called by the web scripts).   

## ---------------- ##
## Cache variables. ##
## ---------------- ##

ac_cv_build=x86_64-apple-darwin14.4.0
ac_cv_c_compiler_gnu=yes
ac_cv_c_const=yes
ac_cv_env_CC_set=
ac_cv_env_CC_value=
ac_cv_env_CFLAGS_set=
ac_cv_env_CFLAGS_value=
ac_cv_env_CPPFLAGS_set=
ac_cv_env_CPPFLAGS_value=
ac_cv_env_CPP_set=
ac_cv_env_CPP_value=
ac_cv_env_LDFLAGS_set=
ac_cv_env_LDFLAGS_value=
ac_cv_env_LIBS_set=
ac_cv_env_LIBS_value=
ac_cv_env_LT_SYS_LIBRARY_PATH_set=
ac_cv_env_LT_SYS_LIBRARY_PATH_value=
ac_cv_env_build_alias_set=
ac_cv_env_build_alias_value=
ac_cv_env_host_alias_set=
ac_cv_env_host_alias_value=
ac_cv_env_target_alias_set=
ac_cv_env_target_alias_value=
ac_cv_func_floor=yes
ac_cv_func_fork=yes
ac_cv_func_fork_works=yes
ac_cv_func_getcwd=yes
ac_cv_func_gethostbyname=yes
ac_cv_func_isascii=yes
ac_cv_func_lstat_dereferences_slashed_symlink=no
ac_cv_func_malloc_0_nonnull=yes
ac_cv_func_memset=yes
ac_cv_func_pow=yes
ac_cv_func_realloc_0_nonnull=yes
ac_cv_func_rint=yes
ac_cv_func_socket=yes
ac_cv_func_sqrt=yes
ac_cv_func_stat_empty_string_bug=no
ac_cv_func_strchr=yes
ac_cv_func_strcspn=yes
ac_cv_func_strdup=yes
ac_cv_func_strlcpy=yes
ac_cv_func_strspn=yes
ac_cv_func_strstr=yes
ac_cv_func_vfork=yes
ac_cv_func_vfork_works=yes
ac_cv_header_arpa_inet_h=yes
ac_cv_header_ctype_h=yes
ac_cv_header_dlfcn_h=yes
ac_cv_header_fcntl_h=yes
ac_cv_header_inttypes_h=yes
ac_cv_header_limits_h=yes
ac_cv_header_memory_h=yes
ac_cv_header_netdb_h=yes
ac_cv_header_netinet_in_h=yes
ac_cv_header_stdbool_h=yes
ac_cv_header_stdc=yes
ac_cv_header_stdint_h=yes
ac_cv_header_stdlib_h=yes
ac_cv_header_string_h=yes
ac_cv_header_strings_h=yes
ac_cv_header_sys_socket_h=yes
ac_cv_header_sys_stat_h=yes
ac_cv_header_sys_time_h=yes
ac_cv_header_sys_types_h=yes
ac_cv_header_sys_wait_h=yes
ac_cv_header_unistd_h=yes
ac_cv_header_vfork_h=no
ac_cv_host=x86_64-apple-darwin14.4.0
ac_cv_lib_m_isnan__sqrt__log__exp__fabs__pow__floor__ceil=no
ac_cv_lib_z_compress=yes
ac_cv_objext=o
ac_cv_path_EGREP='/usr/bin/grep -E'
ac_cv_path_FGREP='/usr/bin/grep -F'
ac_cv_path_GREP=/usr/bin/grep
ac_cv_path_LD=/Applications/Xcode.app/Contents/Developer/Toolchains/XcodeDefault.xctoolchain/usr/bin/ld
ac_cv_path_PERL=/opt/local/bin/perl
ac_cv_path_PYTHON=/usr/bin/python
ac_cv_path_SED=/usr/bin/sed
ac_cv_path_SENDMAIL=/usr/sbin/sendmail
ac_cv_path_XML2_CONFIG=/usr/bin/xml2-config
ac_cv_path_XSLT_CONFIG=/usr/bin/xslt-config
ac_cv_path_install='/usr/bin/install -c'
ac_cv_path_lt_DD=/bin/dd
ac_cv_prog_AWK=awk
ac_cv_prog_CPP='gcc -E'
ac_cv_prog_ac_ct_AR=ar
ac_cv_prog_ac_ct_CC=gcc
ac_cv_prog_ac_ct_DSYMUTIL=dsymutil
ac_cv_prog_ac_ct_LIPO=lipo
ac_cv_prog_ac_ct_NMEDIT=nmedit
ac_cv_prog_ac_ct_OTOOL=otool
ac_cv_prog_ac_ct_RANLIB=ranlib
ac_cv_prog_ac_ct_STRIP=strip
ac_cv_prog_cc_c89=
ac_cv_prog_cc_g=yes
ac_cv_prog_cc_gcc_c_o=yes
ac_cv_prog_make_make_set=yes
ac_cv_type__Bool=yes
ac_cv_type_pid_t=yes
ac_cv_type_signal=void
ac_cv_type_size_t=yes
am_cv_CC_dependencies_compiler_type=gcc3
am_cv_make_support_nested_variables=yes
am_cv_prog_cc_c_o=yes
lt_cv_apple_cc_single_mod=yes
lt_cv_ar_at_file=no
lt_cv_deplibs_check_method=pass_all
lt_cv_file_magic_cmd='$MAGIC_CMD'
lt_cv_file_magic_test_file=
lt_cv_ld_exported_symbols_list=yes
lt_cv_ld_force_load=yes
lt_cv_ld_reload_flag=-r
lt_cv_nm_interface='BSD nm'
lt_cv_objdir=.libs
lt_cv_path_LD=/Applications/Xcode.app/Contents/Developer/Toolchains/XcodeDefault.xctoolchain/usr/bin/ld
lt_cv_path_NM=/opt/local/bin/nm
lt_cv_path_mainfest_tool=no
lt_cv_prog_compiler_c_o=yes
lt_cv_prog_compiler_pic='-fno-common -DPIC'
lt_cv_prog_compiler_pic_works=yes
lt_cv_prog_compiler_rtti_exceptions=yes
lt_cv_prog_compiler_static_works=no
lt_cv_prog_gnu_ld=no
lt_cv_sharedlib_from_linklib_cmd='printf %s\n'
lt_cv_sys_global_symbol_pipe='sed -n -e '\''s/^.*[	 ]\([BCDEGRST][BCDEGRST]*\)[	 ][	 ]*_\([_A-Za-z][_A-Za-z0-9]*\)$/\1 _\2 \2/p'\'' | sed '\''/ __gnu_lto/d'\'''
lt_cv_sys_global_symbol_to_c_name_address='sed -n -e '\''s/^: \(.*\) .*$/  {"\1", (void *) 0},/p'\'' -e '\''s/^[BCDEGRST][BCDEGRST]* .* \(.*\)$/  {"\1", (void *) \&\1},/p'\'''
lt_cv_sys_global_symbol_to_c_name_address_lib_prefix='sed -n -e '\''s/^: \(.*\) .*$/  {"\1", (void *) 0},/p'\'' -e '\''s/^[BCDEGRST][BCDEGRST]* .* \(lib.*\)$/  {"\1", (void *) \&\1},/p'\'' -e '\''s/^[BCDEGRST][BCDEGRST]* .* \(.*\)$/  {"lib\1", (void *) \&\1},/p'\'''
lt_cv_sys_global_symbol_to_cdecl='sed -n -e '\''s/^T .* \(.*\)$/extern int \1();/p'\'' -e '\''s/^[BCDEGRST][BCDEGRST]* .* \(.*\)$/extern char \1;/p'\'''
lt_cv_sys_global_symbol_to_import=
lt_cv_sys_max_cmd_len=196608
lt_cv_to_host_file_cmd=func_convert_file_noop
lt_cv_to_tool_file_cmd=func_convert_file_noop
lt_cv_truncate_bin='/bin/dd bs=4096 count=1'

## ----------------- ##
## Output variables. ##
## ----------------- ##

ACLOCAL='${SHELL} /Users/rzr142/Desktop/meme_4.10.2/config/missing aclocal-1.15'
AMDEPBACKSLASH='\'
AMDEP_FALSE='#'
AMDEP_TRUE=''
AMTAR='$${TAR-tar}'
AM_BACKSLASH='\'
AM_DEFAULT_V='$(AM_DEFAULT_VERBOSITY)'
AM_DEFAULT_VERBOSITY='1'
AM_V='$(V)'
ANT=''
AR='ar'
AUTOCONF='${SHELL} /Users/rzr142/Desktop/meme_4.10.2/config/missing autoconf'
AUTOHEADER='${SHELL} /Users/rzr142/Desktop/meme_4.10.2/config/missing autoheader'
AUTOMAKE='${SHELL} /Users/rzr142/Desktop/meme_4.10.2/config/missing automake-1.15'
AWK='awk'
BUILD_LIBXML2_FALSE=''
BUILD_LIBXML2_TRUE='#'
BUILD_LIBXSLT_FALSE=''
BUILD_LIBXSLT_TRUE='#'
CATALINA_HOME=''
CC='gcc'
CCDEPMODE='depmode=gcc3'
CFLAGS='-Wall -Wno-unused -DUNIX -D__USE_FIXED_PROTOTYPES__   -O3'
CONTACT=''
CONVERT=''
CPP='gcc -E'
CPPFLAGS=''
CYGPATH_W='echo'
DEBUG_FLAGS=''
DEFS='-DHAVE_CONFIG_H'
DEPDIR='.deps'
DEV_CONTACT='meme-suite@uw.edu'
DLLTOOL='false'
DSYMUTIL='dsymutil'
DUMPBIN=''
ECHO_C='\c'
ECHO_N=''
ECHO_T=''
EGREP='/usr/bin/grep -E'
EXEEXT=''
EXPIRY='4'
FGREP='/usr/bin/grep -F'
GHOSTSCRIPT=''
GOSERVER_URL='http://amigo.geneontology.org/cgi-bin/amigo/term_details?term=GO_TERM_ID'
GREP='/usr/bin/grep'
HOSTNAME='bmb-pugh-22.bmb.psu.edu'
INSTALL_DATA='${INSTALL} -m 644'
INSTALL_PROGRAM='${INSTALL}'
INSTALL_SCRIPT='${INSTALL}'
INSTALL_STRIP_PROGRAM='$(install_sh) -c -s'
LAMBIN=''
LD='/Applications/Xcode.app/Contents/Developer/Toolchains/XcodeDefault.xctoolchain/usr/bin/ld'
LDFLAGS=''
LIBEXSLT_CFLAGS=''
LIBEXSLT_LIBS=''
LIBOBJS=' ${LIBOBJDIR}lstat$U.o'
LIBS='-lz '
LIBTOOL='$(SHELL) $(top_builddir)/libtool'
LIBXML2_CFLAGS='-I/Applications/Xcode.app/Contents/Developer/Platforms/MacOSX.platform/Developer/SDKs/MacOSX10.10.sdk/usr/include/libxml2'
LIBXML2_LIBS='-lxml2'
LIBXSLT_CFLAGS='-I/usr/include/libxml2'
LIBXSLT_LIBS='-lxml2 -lxslt -lexslt'
LIPO='lipo'
LN_S='ln -s'
LTLIBOBJS=' ${LIBOBJDIR}lstat$U.lo'
LT_SYS_LIBRARY_PATH=''
MACHID='darwin'
MAKEINFO='${SHELL} /Users/rzr142/Desktop/meme_4.10.2/config/missing makeinfo'
MANIFEST_TOOL=':'
MAST_PORT=''
MAXTIME='18000'
MEME_DB='${prefix}/db'
MEME_DIRECTORY='${prefix}'
MEME_LOGS='${prefix}/LOGS'
MEME_PORT=''
MEME_TEMP=''
METAMEME_EXTERNAL_FALSE=''
METAMEME_EXTERNAL_TRUE='#'
MKDIR_P='config/install-sh -c -d'
MPICC='gcc'
MPIFLAGS=''
MPIINC=''
MPILIBDIR=''
MPIRUN=''
MPITYPE=''
MPI_CMD=''
NEWS_URL='./news.txt'
NM='/opt/local/bin/nm'
NMEDIT='nmedit'
NOTICES_URL='./notices.txt'
OBJDUMP='false'
OBJEXT='o'
OPAL_DEPLOY=''
OPAL_URL='no'
OPT_FLAGS='-O3'
OTOOL64=':'
OTOOL='otool'
PACKAGE='meme'
PACKAGE_BUGREPORT=''
PACKAGE_NAME='meme'
PACKAGE_STRING='meme 4.10.2'
PACKAGE_TARNAME='meme'
PACKAGE_URL=''
PACKAGE_VERSION='4.10.2'
PARALLEL_FALSE=''
PARALLEL_IS_LAM_FALSE=''
PARALLEL_IS_LAM_TRUE='#'
PARALLEL_TRUE='#'
PATH_SEPARATOR=':'
PERL='/opt/local/bin/perl'
PREV_URL=''
PREV_VER=''
PYTHON='/usr/bin/python'
QUOTA=''
RANLIB='ranlib'
SED='/usr/bin/sed'
SENDMAIL='/usr/sbin/sendmail'
SET_MAKE=''
SHELL='/bin/sh'
STRIP='strip'
URL='http://meme-suite.org'
VERSION='4.10.2'
WANT_STRLCPY_FALSE=''
WANT_STRLCPY_TRUE='#'
WEBEITHER_FALSE=''
WEBEITHER_TRUE='#'
WEBSERVICE=''
WEBSERVICE_FALSE=''
WEBSERVICE_TRUE='#'
WEBSITE_FALSE=''
WEBSITE_TRUE='#'
XML2_CONFIG='/usr/bin/xml2-config'
XSLT_CONFIG='/usr/bin/xslt-config'
ac_ct_AR='ar'
ac_ct_CC='gcc'
ac_ct_DUMPBIN=''
am__EXEEXT_FALSE=''
am__EXEEXT_TRUE='#'
am__fastdepCC_FALSE='#'
am__fastdepCC_TRUE=''
am__include='include'
am__isrc=''
am__leading_dot='.'
am__nodep='_no'
am__quote=''
am__tar='$${TAR-tar} chof - "$$tardir"'
am__untar='$${TAR-tar} xf -'
bindir='${exec_prefix}/bin'
build='x86_64-apple-darwin14.4.0'
build_alias=''
build_cpu='x86_64'
build_os='darwin14.4.0'
build_vendor='apple'
datadir='${datarootdir}'
datarootdir='${prefix}/share'
docdir='${datarootdir}/doc/${PACKAGE_TARNAME}'
dvidir='${docdir}'
exec_prefix='${prefix}'
host='x86_64-apple-darwin14.4.0'
host_alias=''
host_cpu='x86_64'
host_os='darwin14.4.0'
host_vendor='apple'
htmldir='${docdir}'
includedir='${prefix}/include'
infodir='${datarootdir}/info'
install_sh='${SHELL} /Users/rzr142/Desktop/meme_4.10.2/config/install-sh'
libdir='${exec_prefix}/lib'
libexecdir='${exec_prefix}/libexec'
localedir='${datarootdir}/locale'
localstatedir='${prefix}/var'
mandir='${datarootdir}/man'
mkdir_p='$(MKDIR_P)'
oldincludedir='/usr/include'
pdfdir='${docdir}'
prefix='/Users/rzr142/Desktop/meme_4.10.2'
program_transform_name='s,x,x,'
psdir='${docdir}'
sbindir='${exec_prefix}/sbin'
sharedstatedir='${prefix}/com'
sysconfdir='${prefix}/etc'
target_alias=''

## ----------- ##
## confdefs.h. ##
## ----------- ##

/* confdefs.h */
#define PACKAGE_NAME "meme"
#define PACKAGE_TARNAME "meme"
#define PACKAGE_VERSION "4.10.2"
#define PACKAGE_STRING "meme 4.10.2"
#define PACKAGE_BUGREPORT ""
#define PACKAGE_URL ""
#define PACKAGE "meme"
#define VERSION "4.10.2"
#define STDC_HEADERS 1
#define HAVE_SYS_TYPES_H 1
#define HAVE_SYS_STAT_H 1
#define HAVE_STDLIB_H 1
#define HAVE_STRING_H 1
#define HAVE_MEMORY_H 1
#define HAVE_STRINGS_H 1
#define HAVE_INTTYPES_H 1
#define HAVE_STDINT_H 1
#define HAVE_UNISTD_H 1
#define HAVE_DLFCN_H 1
#define LT_OBJDIR ".libs/"
#define HOSTNAME "bmb-pugh-22.bmb.psu.edu"
#define HAVE_LIBZ 1
#define STDC_HEADERS 1
#define HAVE_SYS_WAIT_H 1
#define HAVE_ARPA_INET_H 1
#define HAVE_CTYPE_H 1
#define HAVE_FCNTL_H 1
#define HAVE_LIMITS_H 1
#define HAVE_NETDB_H 1
#define HAVE_NETINET_IN_H 1
#define HAVE_STDLIB_H 1
#define HAVE_STRING_H 1
#define HAVE_STRINGS_H 1
#define HAVE_SYS_SOCKET_H 1
#define HAVE_SYS_TIME_H 1
#define HAVE_UNISTD_H 1
#define HAVE__BOOL 1
#define HAVE_STDBOOL_H 1
#define HAVE_FORK 1
#define HAVE_VFORK 1
#define HAVE_WORKING_VFORK 1
#define HAVE_WORKING_FORK 1
#define HAVE_STDLIB_H 1
#define HAVE_MALLOC 1
#define HAVE_STDLIB_H 1
#define HAVE_REALLOC 1
#define RETSIGTYPE void
#define HAVE_FLOOR 1
#define HAVE_GETCWD 1
#define HAVE_GETHOSTBYNAME 1
#define HAVE_ISASCII 1
#define HAVE_MEMSET 1
#define HAVE_POW 1
#define HAVE_RINT 1
#define HAVE_SOCKET 1
#define HAVE_SQRT 1
#define HAVE_STRCHR 1
#define HAVE_STRCSPN 1
#define HAVE_STRDUP 1
#define HAVE_STRSPN 1
#define HAVE_STRSTR 1
#define HAVE_STRLCPY 1
#define MACOSX /**/
#define PERL "/opt/local/bin/perl"
#define PYTHON "/usr/bin/python"
#define CONVERT_PATH ""
#define GHOSTSCRIPT_PATH ""

configure: exit 0
